[dotenv@17.2.3] injecting env (18) from .env -- tip: ÔÜÖ´©Å  suppress all logs with { quiet: true }
E:\Mahajan_app_backend\node_modules\@prisma\client\src\runtime\getPrismaClient.ts:259
        throw new PrismaClientInitializationError(
              ^
PrismaClientInitializationError: `PrismaClient` needs to be constructed with a non-empty, valid `PrismaClientOptions`:

```
new PrismaClient({
  ...
})
```

or

```
constructor() {
  super({ ... });
}
```
          
    at new t (E:\Mahajan_app_backend\node_modules\@prisma\client\src\runtime\getPrismaClient.ts:259:15)
    at Object.<anonymous> (E:\Mahajan_app_backend\scripts\test-add-mahajan.ts:4:16)
    at Module._compile (node:internal/modules/cjs/loader:1761:14)
    at Module.m._compile (E:\Mahajan_app_backend\node_modules\ts-node\src\index.ts:1618:23)
    at node:internal/modules/cjs/loader:1893:10
    at Object.require.extensions.<computed> [as .ts] (E:\Mahajan_app_backend\node_modules\ts-node\src\index.ts:1621:12)
    at Module.load (node:internal/modules/cjs/loader:1481:32)
    at Module._load (node:internal/modules/cjs/loader:1300:12)
    at TracingChannel.traceSync (node:diagnostics_channel:328:14)
    at wrapModuleLoad (node:internal/modules/cjs/loader:245:24) {
  clientVersion: '7.2.0',
  errorCode: undefined,
  retryable: undefined
}
